SecondHomework/app/build/intermediates/manifest_merge_blame_file/debug/manifest-merger-blame-debug-report.txt
1<?xml version="1.0" encoding="utf-8"?>
2<manifest xmlns:android="http://schemas.android.com/apk/res/android"
3    package="com.example.secondhomework"
4    android:versionCode="1"
5    android:versionName="1.0" >
6
7    <uses-sdk
8        android:minSdkVersion="21"
8-->src\main\AndroidManifest.xml
9        android:targetSdkVersion="29" />
9-->src\main\AndroidManifest.xml
10
11    <application
11-->src\main\AndroidManifest.xml:5:5-37:19
12        android:allowBackup="true"
12-->src\main\AndroidManifest.xml:6:9-35
13        android:appComponentFactory="androidx.core.app.CoreComponentFactory"
13-->[androidx.core:core:1.3.1] AndroidManifest.xml:24:18-86
14        android:debuggable="true"
15        android:icon="@mipmap/ic_launcher"
15-->src\main\AndroidManifest.xml:7:9-43
16        android:label="@string/app_name"
16-->src\main\AndroidManifest.xml:8:9-41
17        android:roundIcon="@mipmap/ic_launcher_round"
17-->src\main\AndroidManifest.xml:9:9-54
18        android:supportsRtl="true"
18-->src\main\AndroidManifest.xml:10:9-35
19        android:testOnly="true"
20        android:theme="@style/AppTheme" >
20-->src\main\AndroidManifest.xml:11:9-40
21        <activity
21-->src\main\AndroidManifest.xml:13:9-17:20
22            android:name="com.example.secondhomework.MainActivity4"
22-->src\main\AndroidManifest.xml:13:19-48
23            android:label="@string/avtivity4"
23-->src\main\AndroidManifest.xml:14:13-46
24            android:launchMode="singleInstance" >
24-->src\main\AndroidManifest.xml:15:13-48
25        </activity>
26        <activity
26-->src\main\AndroidManifest.xml:20:9-22:46
27            android:name="com.example.secondhomework.MainActivity3"
27-->src\main\AndroidManifest.xml:20:19-48
28            android:label="@string/avtivity3"
28-->src\main\AndroidManifest.xml:21:13-46
29            android:launchMode="singleTask" />
29-->src\main\AndroidManifest.xml:22:13-44
30        <activity
30-->src\main\AndroidManifest.xml:25:9-27:45
31            android:name="com.example.secondhomework.MainActivity2"
31-->src\main\AndroidManifest.xml:25:19-48
32            android:label="@string/avtivity2"
32-->src\main\AndroidManifest.xml:26:13-46
33            android:launchMode="singleTop" />
33-->src\main\AndroidManifest.xml:27:13-43
34        <activity
34-->src\main\AndroidManifest.xml:29:9-36:20
35            android:name="com.example.secondhomework.MainActivity"
35-->src\main\AndroidManifest.xml:29:19-47
36            android:label="@string/avtivity1"
36-->src\main\AndroidManifest.xml:30:13-46
37            android:launchMode="standard" >
37-->src\main\AndroidManifest.xml:31:13-42
38            <intent-filter>
38-->src\main\AndroidManifest.xml:32:13-35:29
39                <action android:name="android.intent.action.MAIN" />
39-->src\main\AndroidManifest.xml:33:17-69
39-->src\main\AndroidManifest.xml:33:25-66
40
41                <category android:name="android.intent.category.LAUNCHER" />
41-->src\main\AndroidManifest.xml:34:17-77
41-->src\main\AndroidManifest.xml:34:27-74
42            </intent-filter>
43        </activity>
44    </application>
45
46</manifest>